# JRE version: Java(TM) SE Runtime Environment (8.0_191-b12) (build 1.8.0_191-b12)
# Java VM: Java HotSpot(TM) 64-Bit Server VM (25.191-b12 mixed mode windows-amd64 compressed oops)
Heap:
 PSYoungGen      total 108032K, used 20030K [0x00000000d6100000, 0x00000000dec00000, 0x0000000100000000)
  eden space 104960K, 16% used [0x00000000d6100000,0x00000000d71ba0b8,0x00000000dc780000)
  from space 3072K, 94% used [0x00000000de900000,0x00000000debd5780,0x00000000dec00000)
  to   space 8704K, 0% used [0x00000000ddb00000,0x00000000ddb00000,0x00000000de380000)
 ParOldGen       total 55296K, used 6528K [0x0000000082200000, 0x0000000085800000, 0x00000000d6100000)
  object space 55296K, 11% used [0x0000000082200000,0x0000000082860150,0x0000000085800000)
 Metaspace       used 22505K, capacity 23318K, committed 23552K, reserved 1069056K
  class space    used 2895K, capacity 3071K, committed 3072K, reserved 1048576K
GC Heap History (10 events):
Event: 2.630 GC heap before
{Heap before GC invocations=3 (full 0):
 PSYoungGen      total 37888K, used 37756K [0x00000000d6100000, 0x00000000d8b00000, 0x0000000100000000)
  eden space 32768K, 100% used [0x00000000d6100000,0x00000000d8100000,0x00000000d8100000)
  from space 5120K, 97% used [0x00000000d8600000,0x00000000d8adf3f0,0x00000000d8b00000)
  to   space 5120K, 0% used [0x00000000d8100000,0x00000000d8100000,0x00000000d8600000)
 ParOldGen       total 86016K, used 24K [0x0000000082200000, 0x0000000087600000, 0x00000000d6100000)
  object space 86016K, 0% used [0x0000000082200000,0x0000000082206000,0x0000000087600000)
 Metaspace       used 14547K, capacity 15098K, committed 15488K, reserved 1062912K
  class space    used 1898K, capacity 2057K, committed 2176K, reserved 1048576K
Event: 2.638 GC heap after
Heap after GC invocations=3 (full 0):
 PSYoungGen      total 37888K, used 5115K [0x00000000d6100000, 0x00000000dab00000, 0x0000000100000000)
  eden space 32768K, 0% used [0x00000000d6100000,0x00000000d6100000,0x00000000d8100000)
  from space 5120K, 99% used [0x00000000d8100000,0x00000000d85fec10,0x00000000d8600000)
  to   space 5120K, 0% used [0x00000000da600000,0x00000000da600000,0x00000000dab00000)
 ParOldGen       total 86016K, used 460K [0x0000000082200000, 0x0000000087600000, 0x00000000d6100000)
  object space 86016K, 0% used [0x0000000082200000,0x0000000082273240,0x0000000087600000)
 Metaspace       used 14547K, capacity 15098K, committed 15488K, reserved 1062912K
  class space    used 1898K, capacity 2057K, committed 2176K, reserved 1048576K
}
Event: 3.143 GC heap before
{Heap before GC invocations=4 (full 0):
 PSYoungGen      total 37888K, used 37883K [0x00000000d6100000, 0x00000000dab00000, 0x0000000100000000)
  eden space 32768K, 100% used [0x00000000d6100000,0x00000000d8100000,0x00000000d8100000)
  from space 5120K, 99% used [0x00000000d8100000,0x00000000d85fec10,0x00000000d8600000)
  to   space 5120K, 0% used [0x00000000da600000,0x00000000da600000,0x00000000dab00000)
 ParOldGen       total 86016K, used 460K [0x0000000082200000, 0x0000000087600000, 0x00000000d6100000)
  object space 86016K, 0% used [0x0000000082200000,0x0000000082273240,0x0000000087600000)
 Metaspace       used 18110K, capacity 18710K, committed 18944K, reserved 1064960K
  class space    used 2318K, capacity 2465K, committed 2560K, reserved 1048576K
Event: 3.154 GC heap after
Heap after GC invocations=4 (full 0):
 PSYoungGen      total 70656K, used 5089K [0x00000000d6100000, 0x00000000dab00000, 0x0000000100000000)
  eden space 65536K, 0% used [0x00000000d6100000,0x00000000d6100000,0x00000000da100000)
  from space 5120K, 99% used [0x00000000da600000,0x00000000daaf8490,0x00000000dab00000)
  to   space 5120K, 0% used [0x00000000da100000,0x00000000da100000,0x00000000da600000)
 ParOldGen       total 86016K, used 2545K [0x0000000082200000, 0x0000000087600000, 0x00000000d6100000)
  object space 86016K, 2% used [0x0000000082200000,0x000000008247c690,0x0000000087600000)
 Metaspace       used 18110K, capacity 18710K, committed 18944K, reserved 1064960K
  class space    used 2318K, capacity 2465K, committed 2560K, reserved 1048576K
}
Event: 3.524 GC heap before
{Heap before GC invocations=5 (full 0):
 PSYoungGen      total 70656K, used 28589K [0x00000000d6100000, 0x00000000dab00000, 0x0000000100000000)
  eden space 65536K, 35% used [0x00000000d6100000,0x00000000d77f32b8,0x00000000da100000)
  from space 5120K, 99% used [0x00000000da600000,0x00000000daaf8490,0x00000000dab00000)
  to   space 5120K, 0% used [0x00000000da100000,0x00000000da100000,0x00000000da600000)
 ParOldGen       total 86016K, used 2545K [0x0000000082200000, 0x0000000087600000, 0x00000000d6100000)
  object space 86016K, 2% used [0x0000000082200000,0x000000008247c690,0x0000000087600000)
 Metaspace       used 20579K, capacity 21192K, committed 21248K, reserved 1067008K
  class space    used 2649K, capacity 2816K, committed 2816K, reserved 1048576K
Event: 3.545 GC heap after
Heap after GC invocations=5 (full 0):
 PSYoungGen      total 70656K, used 5118K [0x00000000d6100000, 0x00000000df100000, 0x0000000100000000)
  eden space 65536K, 0% used [0x00000000d6100000,0x00000000d6100000,0x00000000da100000)
  from space 5120K, 99% used [0x00000000da100000,0x00000000da5ffb70,0x00000000da600000)
  to   space 8192K, 0% used [0x00000000de900000,0x00000000de900000,0x00000000df100000)
 ParOldGen       total 86016K, used 4072K [0x0000000082200000, 0x0000000087600000, 0x00000000d6100000)
  object space 86016K, 4% used [0x0000000082200000,0x00000000825fa2f0,0x0000000087600000)
 Metaspace       used 20579K, capacity 21192K, committed 21248K, reserved 1067008K
  class space    used 2649K, capacity 2816K, committed 2816K, reserved 1048576K
}
Event: 3.545 GC heap before
{Heap before GC invocations=6 (full 1):
 PSYoungGen      total 70656K, used 5118K [0x00000000d6100000, 0x00000000df100000, 0x0000000100000000)
  eden space 65536K, 0% used [0x00000000d6100000,0x00000000d6100000,0x00000000da100000)
  from space 5120K, 99% used [0x00000000da100000,0x00000000da5ffb70,0x00000000da600000)
  to   space 8192K, 0% used [0x00000000de900000,0x00000000de900000,0x00000000df100000)
 ParOldGen       total 86016K, used 4072K [0x0000000082200000, 0x0000000087600000, 0x00000000d6100000)
  object space 86016K, 4% used [0x0000000082200000,0x00000000825fa2f0,0x0000000087600000)
 Metaspace       used 20579K, capacity 21192K, committed 21248K, reserved 1067008K
  class space    used 2649K, capacity 2816K, committed 2816K, reserved 1048576K
Event: 3.603 GC heap after
Heap after GC invocations=6 (full 1):
 PSYoungGen      total 70656K, used 0K [0x00000000d6100000, 0x00000000df100000, 0x0000000100000000)
  eden space 65536K, 0% used [0x00000000d6100000,0x00000000d6100000,0x00000000da100000)
  from space 5120K, 0% used [0x00000000da100000,0x00000000da100000,0x00000000da600000)
  to   space 8192K, 0% used [0x00000000de900000,0x00000000de900000,0x00000000df100000)
 ParOldGen       total 55296K, used 6528K [0x0000000082200000, 0x0000000085800000, 0x00000000d6100000)
  object space 55296K, 11% used [0x0000000082200000,0x0000000082860150,0x0000000085800000)
 Metaspace       used 20577K, capacity 21186K, committed 21248K, reserved 1067008K
  class space    used 2648K, capacity 2815K, committed 2816K, reserved 1048576K
}
Event: 5.571 GC heap before
{Heap before GC invocations=7 (full 1):
 PSYoungGen      total 70656K, used 65536K [0x00000000d6100000, 0x00000000df100000, 0x0000000100000000)
  eden space 65536K, 100% used [0x00000000d6100000,0x00000000da100000,0x00000000da100000)
  from space 5120K, 0% used [0x00000000da100000,0x00000000da100000,0x00000000da600000)
  to   space 8192K, 0% used [0x00000000de900000,0x00000000de900000,0x00000000df100000)
 ParOldGen       total 55296K, used 6528K [0x0000000082200000, 0x0000000085800000, 0x00000000d6100000)
  object space 55296K, 11% used [0x0000000082200000,0x0000000082860150,0x0000000085800000)
 Metaspace       used 22100K, capacity 22900K, committed 23040K, reserved 1069056K
  class space    used 2850K, capacity 3026K, committed 3072K, reserved 1048576K
Event: 5.619 GC heap after
Heap after GC invocations=7 (full 1):
 PSYoungGen      total 108032K, used 2901K [0x00000000d6100000, 0x00000000dec00000, 0x0000000100000000)
  eden space 104960K, 0% used [0x00000000d6100000,0x00000000d6100000,0x00000000dc780000)
  from space 3072K, 94% used [0x00000000de900000,0x00000000debd5780,0x00000000dec00000)
  to   space 8704K, 0% used [0x00000000ddb00000,0x00000000ddb00000,0x00000000de380000)
 ParOldGen       total 55296K, used 6528K [0x0000000082200000, 0x0000000085800000, 0x00000000d6100000)
  object space 55296K, 11% used [0x0000000082200000,0x0000000082860150,0x0000000085800000)
 Metaspace       used 22100K, capacity 22900K, committed 23040K, reserved 1069056K
  class space    used 2850K, capacity 3026K, committed 3072K, reserved 1048576K
}

