# JRE version: Java(TM) SE Runtime Environment (8.0_191-b12) (build 1.8.0_191-b12)
# Java VM: Java HotSpot(TM) 64-Bit Server VM (25.191-b12 mixed mode windows-amd64 compressed oops)
Heap:
 PSYoungGen      total 196608K, used 35547K [0x00000000d6100000, 0x00000000e5900000, 0x0000000100000000)
  eden space 179712K, 19% used [0x00000000d6100000,0x00000000d83b6fe8,0x00000000e1080000)
  from space 16896K, 0% used [0x00000000e1080000,0x00000000e1080000,0x00000000e2100000)
  to   space 18432K, 0% used [0x00000000e4700000,0x00000000e4700000,0x00000000e5900000)
 ParOldGen       total 126976K, used 23215K [0x0000000082200000, 0x0000000089e00000, 0x00000000d6100000)
  object space 126976K, 18% used [0x0000000082200000,0x00000000838abe80,0x0000000089e00000)
 Metaspace       used 59617K, capacity 62740K, committed 62808K, reserved 1103872K
  class space    used 8021K, capacity 8534K, committed 8536K, reserved 1048576K
GC Heap History (10 events):
Event: 14.172 GC heap before
{Heap before GC invocations=10 (full 2):
 PSYoungGen      total 155136K, used 10459K [0x00000000d6100000, 0x00000000e2680000, 0x0000000100000000)
  eden space 144384K, 0% used [0x00000000d6100000,0x00000000d6100000,0x00000000dee00000)
  from space 10752K, 97% used [0x00000000dfa00000,0x00000000e0436c80,0x00000000e0480000)
  to   space 12288K, 0% used [0x00000000dee00000,0x00000000dee00000,0x00000000dfa00000)
 ParOldGen       total 56832K, used 8300K [0x0000000082200000, 0x0000000085980000, 0x00000000d6100000)
  object space 56832K, 14% used [0x0000000082200000,0x0000000082a1b160,0x0000000085980000)
 Metaspace       used 33636K, capacity 35328K, committed 35416K, reserved 1079296K
  class space    used 4345K, capacity 4638K, committed 4696K, reserved 1048576K
Event: 14.293 GC heap after
Heap after GC invocations=10 (full 2):
 PSYoungGen      total 155136K, used 0K [0x00000000d6100000, 0x00000000e2680000, 0x0000000100000000)
  eden space 144384K, 0% used [0x00000000d6100000,0x00000000d6100000,0x00000000dee00000)
  from space 10752K, 0% used [0x00000000dfa00000,0x00000000dfa00000,0x00000000e0480000)
  to   space 12288K, 0% used [0x00000000dee00000,0x00000000dee00000,0x00000000dfa00000)
 ParOldGen       total 90112K, used 14455K [0x0000000082200000, 0x0000000087a00000, 0x00000000d6100000)
  object space 90112K, 16% used [0x0000000082200000,0x000000008301df50,0x0000000087a00000)
 Metaspace       used 33636K, capacity 35328K, committed 35416K, reserved 1079296K
  class space    used 4345K, capacity 4638K, committed 4696K, reserved 1048576K
}
Event: 19.276 GC heap before
{Heap before GC invocations=11 (full 2):
 PSYoungGen      total 155136K, used 144384K [0x00000000d6100000, 0x00000000e2680000, 0x0000000100000000)
  eden space 144384K, 100% used [0x00000000d6100000,0x00000000dee00000,0x00000000dee00000)
  from space 10752K, 0% used [0x00000000dfa00000,0x00000000dfa00000,0x00000000e0480000)
  to   space 12288K, 0% used [0x00000000dee00000,0x00000000dee00000,0x00000000dfa00000)
 ParOldGen       total 90112K, used 14455K [0x0000000082200000, 0x0000000087a00000, 0x00000000d6100000)
  object space 90112K, 16% used [0x0000000082200000,0x000000008301df50,0x0000000087a00000)
 Metaspace       used 47589K, capacity 49642K, committed 49880K, reserved 1091584K
  class space    used 6480K, capacity 6833K, committed 6872K, reserved 1048576K
Event: 19.303 GC heap after
Heap after GC invocations=11 (full 2):
 PSYoungGen      total 156672K, used 12284K [0x00000000d6100000, 0x00000000e3080000, 0x0000000100000000)
  eden space 144384K, 0% used [0x00000000d6100000,0x00000000d6100000,0x00000000dee00000)
  from space 12288K, 99% used [0x00000000dee00000,0x00000000df9ff0a0,0x00000000dfa00000)
  to   space 15360K, 0% used [0x00000000e2180000,0x00000000e2180000,0x00000000e3080000)
 ParOldGen       total 90112K, used 18253K [0x0000000082200000, 0x0000000087a00000, 0x00000000d6100000)
  object space 90112K, 20% used [0x0000000082200000,0x00000000833d34e8,0x0000000087a00000)
 Metaspace       used 47589K, capacity 49642K, committed 49880K, reserved 1091584K
  class space    used 6480K, capacity 6833K, committed 6872K, reserved 1048576K
}
Event: 26.073 GC heap before
{Heap before GC invocations=12 (full 2):
 PSYoungGen      total 156672K, used 156668K [0x00000000d6100000, 0x00000000e3080000, 0x0000000100000000)
  eden space 144384K, 100% used [0x00000000d6100000,0x00000000dee00000,0x00000000dee00000)
  from space 12288K, 99% used [0x00000000dee00000,0x00000000df9ff0a0,0x00000000dfa00000)
  to   space 15360K, 0% used [0x00000000e2180000,0x00000000e2180000,0x00000000e3080000)
 ParOldGen       total 90112K, used 18253K [0x0000000082200000, 0x0000000087a00000, 0x00000000d6100000)
  object space 90112K, 20% used [0x0000000082200000,0x00000000833d34e8,0x0000000087a00000)
 Metaspace       used 53188K, capacity 55848K, committed 56024K, reserved 1097728K
  class space    used 7173K, capacity 7622K, committed 7640K, reserved 1048576K
Event: 26.124 GC heap after
Heap after GC invocations=12 (full 2):
 PSYoungGen      total 195072K, used 13838K [0x00000000d6100000, 0x00000000e3180000, 0x0000000100000000)
  eden space 179712K, 0% used [0x00000000d6100000,0x00000000d6100000,0x00000000e1080000)
  from space 15360K, 90% used [0x00000000e2180000,0x00000000e2f03888,0x00000000e3080000)
  to   space 16896K, 0% used [0x00000000e1080000,0x00000000e1080000,0x00000000e2100000)
 ParOldGen       total 90112K, used 18261K [0x0000000082200000, 0x0000000087a00000, 0x00000000d6100000)
  object space 90112K, 20% used [0x0000000082200000,0x00000000833d54e8,0x0000000087a00000)
 Metaspace       used 53188K, capacity 55848K, committed 56024K, reserved 1097728K
  class space    used 7173K, capacity 7622K, committed 7640K, reserved 1048576K
}
Event: 41.094 GC heap before
{Heap before GC invocations=13 (full 2):
 PSYoungGen      total 195072K, used 64437K [0x00000000d6100000, 0x00000000e3180000, 0x0000000100000000)
  eden space 179712K, 28% used [0x00000000d6100000,0x00000000d9269e50,0x00000000e1080000)
  from space 15360K, 90% used [0x00000000e2180000,0x00000000e2f03888,0x00000000e3080000)
  to   space 16896K, 0% used [0x00000000e1080000,0x00000000e1080000,0x00000000e2100000)
 ParOldGen       total 90112K, used 18261K [0x0000000082200000, 0x0000000087a00000, 0x00000000d6100000)
  object space 90112K, 20% used [0x0000000082200000,0x00000000833d54e8,0x0000000087a00000)
 Metaspace       used 55961K, capacity 58906K, committed 58968K, reserved 1099776K
  class space    used 7556K, capacity 8023K, committed 8024K, reserved 1048576K
Event: 41.117 GC heap after
Heap after GC invocations=13 (full 2):
 PSYoungGen      total 196608K, used 14199K [0x00000000d6100000, 0x00000000e5900000, 0x0000000100000000)
  eden space 179712K, 0% used [0x00000000d6100000,0x00000000d6100000,0x00000000e1080000)
  from space 16896K, 84% used [0x00000000e1080000,0x00000000e1e5dcf8,0x00000000e2100000)
  to   space 18432K, 0% used [0x00000000e4700000,0x00000000e4700000,0x00000000e5900000)
 ParOldGen       total 90112K, used 18269K [0x0000000082200000, 0x0000000087a00000, 0x00000000d6100000)
  object space 90112K, 20% used [0x0000000082200000,0x00000000833d74e8,0x0000000087a00000)
 Metaspace       used 55961K, capacity 58906K, committed 58968K, reserved 1099776K
  class space    used 7556K, capacity 8023K, committed 8024K, reserved 1048576K
}
Event: 41.117 GC heap before
{Heap before GC invocations=14 (full 3):
 PSYoungGen      total 196608K, used 14199K [0x00000000d6100000, 0x00000000e5900000, 0x0000000100000000)
  eden space 179712K, 0% used [0x00000000d6100000,0x00000000d6100000,0x00000000e1080000)
  from space 16896K, 84% used [0x00000000e1080000,0x00000000e1e5dcf8,0x00000000e2100000)
  to   space 18432K, 0% used [0x00000000e4700000,0x00000000e4700000,0x00000000e5900000)
 ParOldGen       total 90112K, used 18269K [0x0000000082200000, 0x0000000087a00000, 0x00000000d6100000)
  object space 90112K, 20% used [0x0000000082200000,0x00000000833d74e8,0x0000000087a00000)
 Metaspace       used 55961K, capacity 58906K, committed 58968K, reserved 1099776K
  class space    used 7556K, capacity 8023K, committed 8024K, reserved 1048576K
Event: 41.347 GC heap after
Heap after GC invocations=14 (full 3):
 PSYoungGen      total 196608K, used 0K [0x00000000d6100000, 0x00000000e5900000, 0x0000000100000000)
  eden space 179712K, 0% used [0x00000000d6100000,0x00000000d6100000,0x00000000e1080000)
  from space 16896K, 0% used [0x00000000e1080000,0x00000000e1080000,0x00000000e2100000)
  to   space 18432K, 0% used [0x00000000e4700000,0x00000000e4700000,0x00000000e5900000)
 ParOldGen       total 126976K, used 23215K [0x0000000082200000, 0x0000000089e00000, 0x00000000d6100000)
  object space 126976K, 18% used [0x0000000082200000,0x00000000838abe80,0x0000000089e00000)
 Metaspace       used 55961K, capacity 58906K, committed 58968K, reserved 1099776K
  class space    used 7556K, capacity 8023K, committed 8024K, reserved 1048576K
}

