# JRE version: Java(TM) SE Runtime Environment (8.0_191-b12) (build 1.8.0_191-b12)
# Java VM: Java HotSpot(TM) 64-Bit Server VM (25.191-b12 mixed mode windows-amd64 compressed oops)
Heap:
 PSYoungGen      total 206336K, used 83158K [0x00000000d6100000, 0x00000000e6500000, 0x0000000100000000)
  eden space 188928K, 44% used [0x00000000d6100000,0x00000000db235858,0x00000000e1980000)
  from space 17408K, 0% used [0x00000000e1980000,0x00000000e1980000,0x00000000e2a80000)
  to   space 18432K, 0% used [0x00000000e5300000,0x00000000e5300000,0x00000000e6500000)
 ParOldGen       total 122368K, used 22473K [0x0000000082200000, 0x0000000089980000, 0x00000000d6100000)
  object space 122368K, 18% used [0x0000000082200000,0x00000000837f24e0,0x0000000089980000)
 Metaspace       used 62675K, capacity 65810K, committed 66136K, reserved 1105920K
  class space    used 8409K, capacity 8925K, committed 9048K, reserved 1048576K
GC Heap History (10 events):
Event: 8.591 GC heap before
{Heap before GC invocations=10 (full 2):
 PSYoungGen      total 162304K, used 10349K [0x00000000d6100000, 0x00000000e2d80000, 0x0000000100000000)
  eden space 151552K, 0% used [0x00000000d6100000,0x00000000d6100000,0x00000000df500000)
  from space 10752K, 96% used [0x00000000e0100000,0x00000000e0b1b720,0x00000000e0b80000)
  to   space 12288K, 0% used [0x00000000df500000,0x00000000df500000,0x00000000e0100000)
 ParOldGen       total 55296K, used 8217K [0x0000000082200000, 0x0000000085800000, 0x00000000d6100000)
  object space 55296K, 14% used [0x0000000082200000,0x0000000082a06578,0x0000000085800000)
 Metaspace       used 33627K, capacity 35360K, committed 35416K, reserved 1079296K
  class space    used 4371K, capacity 4670K, committed 4696K, reserved 1048576K
Event: 8.695 GC heap after
Heap after GC invocations=10 (full 2):
 PSYoungGen      total 162304K, used 0K [0x00000000d6100000, 0x00000000e2d80000, 0x0000000100000000)
  eden space 151552K, 0% used [0x00000000d6100000,0x00000000d6100000,0x00000000df500000)
  from space 10752K, 0% used [0x00000000e0100000,0x00000000e0100000,0x00000000e0b80000)
  to   space 12288K, 0% used [0x00000000df500000,0x00000000df500000,0x00000000e0100000)
 ParOldGen       total 87552K, used 14336K [0x0000000082200000, 0x0000000087780000, 0x00000000d6100000)
  object space 87552K, 16% used [0x0000000082200000,0x00000000830003c8,0x0000000087780000)
 Metaspace       used 33627K, capacity 35360K, committed 35416K, reserved 1079296K
  class space    used 4371K, capacity 4670K, committed 4696K, reserved 1048576K
}
Event: 11.900 GC heap before
{Heap before GC invocations=11 (full 2):
 PSYoungGen      total 162304K, used 151552K [0x00000000d6100000, 0x00000000e2d80000, 0x0000000100000000)
  eden space 151552K, 100% used [0x00000000d6100000,0x00000000df500000,0x00000000df500000)
  from space 10752K, 0% used [0x00000000e0100000,0x00000000e0100000,0x00000000e0b80000)
  to   space 12288K, 0% used [0x00000000df500000,0x00000000df500000,0x00000000e0100000)
 ParOldGen       total 87552K, used 14336K [0x0000000082200000, 0x0000000087780000, 0x00000000d6100000)
  object space 87552K, 16% used [0x0000000082200000,0x00000000830003c8,0x0000000087780000)
 Metaspace       used 47624K, capacity 49596K, committed 49880K, reserved 1091584K
  class space    used 6497K, capacity 6836K, committed 6872K, reserved 1048576K
Event: 11.923 GC heap after
Heap after GC invocations=11 (full 2):
 PSYoungGen      total 163840K, used 12269K [0x00000000d6100000, 0x00000000e3980000, 0x0000000100000000)
  eden space 151552K, 0% used [0x00000000d6100000,0x00000000d6100000,0x00000000df500000)
  from space 12288K, 99% used [0x00000000df500000,0x00000000e00fb4d0,0x00000000e0100000)
  to   space 15360K, 0% used [0x00000000e2a80000,0x00000000e2a80000,0x00000000e3980000)
 ParOldGen       total 87552K, used 18282K [0x0000000082200000, 0x0000000087780000, 0x00000000d6100000)
  object space 87552K, 20% used [0x0000000082200000,0x00000000833dab98,0x0000000087780000)
 Metaspace       used 47624K, capacity 49596K, committed 49880K, reserved 1091584K
  class space    used 6497K, capacity 6836K, committed 6872K, reserved 1048576K
}
Event: 15.477 GC heap before
{Heap before GC invocations=12 (full 2):
 PSYoungGen      total 163840K, used 163821K [0x00000000d6100000, 0x00000000e3980000, 0x0000000100000000)
  eden space 151552K, 100% used [0x00000000d6100000,0x00000000df500000,0x00000000df500000)
  from space 12288K, 99% used [0x00000000df500000,0x00000000e00fb4d0,0x00000000e0100000)
  to   space 15360K, 0% used [0x00000000e2a80000,0x00000000e2a80000,0x00000000e3980000)
 ParOldGen       total 87552K, used 18282K [0x0000000082200000, 0x0000000087780000, 0x00000000d6100000)
  object space 87552K, 20% used [0x0000000082200000,0x00000000833dab98,0x0000000087780000)
 Metaspace       used 53720K, capacity 56374K, committed 56664K, reserved 1097728K
  class space    used 7258K, capacity 7703K, committed 7768K, reserved 1048576K
Event: 15.512 GC heap after
Heap after GC invocations=12 (full 2):
 PSYoungGen      total 204288K, used 14856K [0x00000000d6100000, 0x00000000e3c00000, 0x0000000100000000)
  eden space 188928K, 0% used [0x00000000d6100000,0x00000000d6100000,0x00000000e1980000)
  from space 15360K, 96% used [0x00000000e2a80000,0x00000000e3902368,0x00000000e3980000)
  to   space 17408K, 0% used [0x00000000e1980000,0x00000000e1980000,0x00000000e2a80000)
 ParOldGen       total 87552K, used 18290K [0x0000000082200000, 0x0000000087780000, 0x00000000d6100000)
  object space 87552K, 20% used [0x0000000082200000,0x00000000833dcb98,0x0000000087780000)
 Metaspace       used 53720K, capacity 56374K, committed 56664K, reserved 1097728K
  class space    used 7258K, capacity 7703K, committed 7768K, reserved 1048576K
}
Event: 34.397 GC heap before
{Heap before GC invocations=13 (full 2):
 PSYoungGen      total 204288K, used 50993K [0x00000000d6100000, 0x00000000e3c00000, 0x0000000100000000)
  eden space 188928K, 19% used [0x00000000d6100000,0x00000000d844a208,0x00000000e1980000)
  from space 15360K, 96% used [0x00000000e2a80000,0x00000000e3902368,0x00000000e3980000)
  to   space 17408K, 0% used [0x00000000e1980000,0x00000000e1980000,0x00000000e2a80000)
 ParOldGen       total 87552K, used 18290K [0x0000000082200000, 0x0000000087780000, 0x00000000d6100000)
  object space 87552K, 20% used [0x0000000082200000,0x00000000833dcb98,0x0000000087780000)
 Metaspace       used 55985K, capacity 58916K, committed 59028K, reserved 1099776K
  class space    used 7565K, capacity 8068K, committed 8152K, reserved 1048576K
Event: 34.425 GC heap after
Heap after GC invocations=13 (full 2):
 PSYoungGen      total 206336K, used 13416K [0x00000000d6100000, 0x00000000e6500000, 0x0000000100000000)
  eden space 188928K, 0% used [0x00000000d6100000,0x00000000d6100000,0x00000000e1980000)
  from space 17408K, 77% used [0x00000000e1980000,0x00000000e269a278,0x00000000e2a80000)
  to   space 18432K, 0% used [0x00000000e5300000,0x00000000e5300000,0x00000000e6500000)
 ParOldGen       total 87552K, used 18298K [0x0000000082200000, 0x0000000087780000, 0x00000000d6100000)
  object space 87552K, 20% used [0x0000000082200000,0x00000000833deb98,0x0000000087780000)
 Metaspace       used 55985K, capacity 58916K, committed 59028K, reserved 1099776K
  class space    used 7565K, capacity 8068K, committed 8152K, reserved 1048576K
}
Event: 34.425 GC heap before
{Heap before GC invocations=14 (full 3):
 PSYoungGen      total 206336K, used 13416K [0x00000000d6100000, 0x00000000e6500000, 0x0000000100000000)
  eden space 188928K, 0% used [0x00000000d6100000,0x00000000d6100000,0x00000000e1980000)
  from space 17408K, 77% used [0x00000000e1980000,0x00000000e269a278,0x00000000e2a80000)
  to   space 18432K, 0% used [0x00000000e5300000,0x00000000e5300000,0x00000000e6500000)
 ParOldGen       total 87552K, used 18298K [0x0000000082200000, 0x0000000087780000, 0x00000000d6100000)
  object space 87552K, 20% used [0x0000000082200000,0x00000000833deb98,0x0000000087780000)
 Metaspace       used 55985K, capacity 58916K, committed 59028K, reserved 1099776K
  class space    used 7565K, capacity 8068K, committed 8152K, reserved 1048576K
Event: 34.631 GC heap after
Heap after GC invocations=14 (full 3):
 PSYoungGen      total 206336K, used 0K [0x00000000d6100000, 0x00000000e6500000, 0x0000000100000000)
  eden space 188928K, 0% used [0x00000000d6100000,0x00000000d6100000,0x00000000e1980000)
  from space 17408K, 0% used [0x00000000e1980000,0x00000000e1980000,0x00000000e2a80000)
  to   space 18432K, 0% used [0x00000000e5300000,0x00000000e5300000,0x00000000e6500000)
 ParOldGen       total 122368K, used 22473K [0x0000000082200000, 0x0000000089980000, 0x00000000d6100000)
  object space 122368K, 18% used [0x0000000082200000,0x00000000837f24e0,0x0000000089980000)
 Metaspace       used 55985K, capacity 58916K, committed 59028K, reserved 1099776K
  class space    used 7565K, capacity 8068K, committed 8152K, reserved 1048576K
}

