# JRE version: Java(TM) SE Runtime Environment (8.0_191-b12) (build 1.8.0_191-b12)
# Java VM: Java HotSpot(TM) 64-Bit Server VM (25.191-b12 mixed mode windows-amd64 compressed oops)
Heap:
 PSYoungGen      total 153600K, used 19816K [0x00000000d6100000, 0x00000000e2600000, 0x0000000100000000)
  eden space 141312K, 5% used [0x00000000d6100000,0x00000000d685d6f0,0x00000000deb00000)
  from space 12288K, 99% used [0x00000000deb00000,0x00000000df6fcb20,0x00000000df700000)
  to   space 10752K, 0% used [0x00000000df700000,0x00000000df700000,0x00000000e0180000)
 ParOldGen       total 90112K, used 18235K [0x0000000082200000, 0x0000000087a00000, 0x00000000d6100000)
  object space 90112K, 20% used [0x0000000082200000,0x00000000833cedf0,0x0000000087a00000)
 Metaspace       used 47596K, capacity 49642K, committed 49880K, reserved 1091584K
  class space    used 6482K, capacity 6833K, committed 6872K, reserved 1048576K
GC Heap History (10 events):
Event: 6.783 GC heap before
{Heap before GC invocations=7 (full 1):
 PSYoungGen      total 70656K, used 65536K [0x00000000d6100000, 0x00000000df100000, 0x0000000100000000)
  eden space 65536K, 100% used [0x00000000d6100000,0x00000000da100000,0x00000000da100000)
  from space 5120K, 0% used [0x00000000da100000,0x00000000da100000,0x00000000da600000)
  to   space 8192K, 0% used [0x00000000de900000,0x00000000de900000,0x00000000df100000)
 ParOldGen       total 57344K, used 6659K [0x0000000082200000, 0x0000000085a00000, 0x00000000d6100000)
  object space 57344K, 11% used [0x0000000082200000,0x0000000082880e18,0x0000000085a00000)
 Metaspace       used 22205K, capacity 22996K, committed 23040K, reserved 1069056K
  class space    used 2861K, capacity 3058K, committed 3072K, reserved 1048576K
Event: 6.800 GC heap after
Heap after GC invocations=7 (full 1):
 PSYoungGen      total 101376K, used 2875K [0x00000000d6100000, 0x00000000dec00000, 0x0000000100000000)
  eden space 98304K, 0% used [0x00000000d6100000,0x00000000d6100000,0x00000000dc100000)
  from space 3072K, 93% used [0x00000000de900000,0x00000000debceed8,0x00000000dec00000)
  to   space 8704K, 0% used [0x00000000ddb00000,0x00000000ddb00000,0x00000000de380000)
 ParOldGen       total 57344K, used 6659K [0x0000000082200000, 0x0000000085a00000, 0x00000000d6100000)
  object space 57344K, 11% used [0x0000000082200000,0x0000000082880e18,0x0000000085a00000)
 Metaspace       used 22205K, capacity 22996K, committed 23040K, reserved 1069056K
  class space    used 2861K, capacity 3058K, committed 3072K, reserved 1048576K
}
Event: 12.116 GC heap before
{Heap before GC invocations=8 (full 1):
 PSYoungGen      total 101376K, used 101179K [0x00000000d6100000, 0x00000000dec00000, 0x0000000100000000)
  eden space 98304K, 100% used [0x00000000d6100000,0x00000000dc100000,0x00000000dc100000)
  from space 3072K, 93% used [0x00000000de900000,0x00000000debceed8,0x00000000dec00000)
  to   space 8704K, 0% used [0x00000000ddb00000,0x00000000ddb00000,0x00000000de380000)
 ParOldGen       total 57344K, used 6659K [0x0000000082200000, 0x0000000085a00000, 0x00000000d6100000)
  object space 57344K, 11% used [0x0000000082200000,0x0000000082880e18,0x0000000085a00000)
 Metaspace       used 28362K, capacity 29616K, committed 29824K, reserved 1075200K
  class space    used 3693K, capacity 3946K, committed 3968K, reserved 1048576K
Event: 12.157 GC heap after
Heap after GC invocations=8 (full 1):
 PSYoungGen      total 133632K, used 8673K [0x00000000d6100000, 0x00000000e0180000, 0x0000000100000000)
  eden space 124928K, 0% used [0x00000000d6100000,0x00000000d6100000,0x00000000ddb00000)
  from space 8704K, 99% used [0x00000000ddb00000,0x00000000de378618,0x00000000de380000)
  to   space 10752K, 0% used [0x00000000df700000,0x00000000df700000,0x00000000e0180000)
 ParOldGen       total 57344K, used 7970K [0x0000000082200000, 0x0000000085a00000, 0x00000000d6100000)
  object space 57344K, 13% used [0x0000000082200000,0x00000000829c8bb0,0x0000000085a00000)
 Metaspace       used 28362K, capacity 29616K, committed 29824K, reserved 1075200K
  class space    used 3693K, capacity 3946K, committed 3968K, reserved 1048576K
}
Event: 15.776 GC heap before
{Heap before GC invocations=9 (full 1):
 PSYoungGen      total 133632K, used 103300K [0x00000000d6100000, 0x00000000e0180000, 0x0000000100000000)
  eden space 124928K, 75% used [0x00000000d6100000,0x00000000dbd68d90,0x00000000ddb00000)
  from space 8704K, 99% used [0x00000000ddb00000,0x00000000de378618,0x00000000de380000)
  to   space 10752K, 0% used [0x00000000df700000,0x00000000df700000,0x00000000e0180000)
 ParOldGen       total 57344K, used 7970K [0x0000000082200000, 0x0000000085a00000, 0x00000000d6100000)
  object space 57344K, 13% used [0x0000000082200000,0x00000000829c8bb0,0x0000000085a00000)
 Metaspace       used 33618K, capacity 35328K, committed 35416K, reserved 1079296K
  class space    used 4346K, capacity 4638K, committed 4696K, reserved 1048576K
Event: 15.809 GC heap after
Heap after GC invocations=9 (full 1):
 PSYoungGen      total 152064K, used 10593K [0x00000000d6100000, 0x00000000e2600000, 0x0000000100000000)
  eden space 141312K, 0% used [0x00000000d6100000,0x00000000d6100000,0x00000000deb00000)
  from space 10752K, 98% used [0x00000000df700000,0x00000000e01585b0,0x00000000e0180000)
  to   space 12288K, 0% used [0x00000000deb00000,0x00000000deb00000,0x00000000df700000)
 ParOldGen       total 57344K, used 7978K [0x0000000082200000, 0x0000000085a00000, 0x00000000d6100000)
  object space 57344K, 13% used [0x0000000082200000,0x00000000829cabb0,0x0000000085a00000)
 Metaspace       used 33618K, capacity 35328K, committed 35416K, reserved 1079296K
  class space    used 4346K, capacity 4638K, committed 4696K, reserved 1048576K
}
Event: 15.809 GC heap before
{Heap before GC invocations=10 (full 2):
 PSYoungGen      total 152064K, used 10593K [0x00000000d6100000, 0x00000000e2600000, 0x0000000100000000)
  eden space 141312K, 0% used [0x00000000d6100000,0x00000000d6100000,0x00000000deb00000)
  from space 10752K, 98% used [0x00000000df700000,0x00000000e01585b0,0x00000000e0180000)
  to   space 12288K, 0% used [0x00000000deb00000,0x00000000deb00000,0x00000000df700000)
 ParOldGen       total 57344K, used 7978K [0x0000000082200000, 0x0000000085a00000, 0x00000000d6100000)
  object space 57344K, 13% used [0x0000000082200000,0x00000000829cabb0,0x0000000085a00000)
 Metaspace       used 33618K, capacity 35328K, committed 35416K, reserved 1079296K
  class space    used 4346K, capacity 4638K, committed 4696K, reserved 1048576K
Event: 15.947 GC heap after
Heap after GC invocations=10 (full 2):
 PSYoungGen      total 152064K, used 0K [0x00000000d6100000, 0x00000000e2600000, 0x0000000100000000)
  eden space 141312K, 0% used [0x00000000d6100000,0x00000000d6100000,0x00000000deb00000)
  from space 10752K, 0% used [0x00000000df700000,0x00000000df700000,0x00000000e0180000)
  to   space 12288K, 0% used [0x00000000deb00000,0x00000000deb00000,0x00000000df700000)
 ParOldGen       total 90112K, used 14541K [0x0000000082200000, 0x0000000087a00000, 0x00000000d6100000)
  object space 90112K, 16% used [0x0000000082200000,0x0000000083033748,0x0000000087a00000)
 Metaspace       used 33618K, capacity 35328K, committed 35416K, reserved 1079296K
  class space    used 4346K, capacity 4638K, committed 4696K, reserved 1048576K
}
Event: 22.503 GC heap before
{Heap before GC invocations=11 (full 2):
 PSYoungGen      total 152064K, used 141312K [0x00000000d6100000, 0x00000000e2600000, 0x0000000100000000)
  eden space 141312K, 100% used [0x00000000d6100000,0x00000000deb00000,0x00000000deb00000)
  from space 10752K, 0% used [0x00000000df700000,0x00000000df700000,0x00000000e0180000)
  to   space 12288K, 0% used [0x00000000deb00000,0x00000000deb00000,0x00000000df700000)
 ParOldGen       total 90112K, used 14541K [0x0000000082200000, 0x0000000087a00000, 0x00000000d6100000)
  object space 90112K, 16% used [0x0000000082200000,0x0000000083033748,0x0000000087a00000)
 Metaspace       used 47533K, capacity 49578K, committed 49880K, reserved 1091584K
  class space    used 6480K, capacity 6833K, committed 6872K, reserved 1048576K
Event: 22.537 GC heap after
Heap after GC invocations=11 (full 2):
 PSYoungGen      total 153600K, used 12274K [0x00000000d6100000, 0x00000000e2600000, 0x0000000100000000)
  eden space 141312K, 0% used [0x00000000d6100000,0x00000000d6100000,0x00000000deb00000)
  from space 12288K, 99% used [0x00000000deb00000,0x00000000df6fcb20,0x00000000df700000)
  to   space 10752K, 0% used [0x00000000df700000,0x00000000df700000,0x00000000e0180000)
 ParOldGen       total 90112K, used 18235K [0x0000000082200000, 0x0000000087a00000, 0x00000000d6100000)
  object space 90112K, 20% used [0x0000000082200000,0x00000000833cedf0,0x0000000087a00000)
 Metaspace       used 47533K, capacity 49578K, committed 49880K, reserved 1091584K
  class space    used 6480K, capacity 6833K, committed 6872K, reserved 1048576K
}

