# JRE version: Java(TM) SE Runtime Environment (8.0_191-b12) (build 1.8.0_191-b12)
# Java VM: Java HotSpot(TM) 64-Bit Server VM (25.191-b12 mixed mode windows-amd64 compressed oops)
Heap:
 PSYoungGen      total 130048K, used 68918K [0x00000000d6100000, 0x00000000e1d80000, 0x0000000100000000)
  eden space 126976K, 54% used [0x00000000d6100000,0x00000000da44d9c8,0x00000000ddd00000)
  from space 3072K, 0% used [0x00000000de900000,0x00000000de900000,0x00000000dec00000)
  to   space 12288K, 0% used [0x00000000ddd00000,0x00000000ddd00000,0x00000000de900000)
 ParOldGen       total 52224K, used 14019K [0x0000000082200000, 0x0000000085500000, 0x00000000d6100000)
  object space 52224K, 26% used [0x0000000082200000,0x0000000082fb0cf8,0x0000000085500000)
 Metaspace       used 41431K, capacity 43340K, committed 43608K, reserved 1087488K
  class space    used 5573K, capacity 5898K, committed 5976K, reserved 1048576K
GC Heap History (10 events):
Event: 3.405 GC heap before
{Heap before GC invocations=6 (full 1):
 PSYoungGen      total 70656K, used 5096K [0x00000000d6100000, 0x00000000df100000, 0x0000000100000000)
  eden space 65536K, 0% used [0x00000000d6100000,0x00000000d6100000,0x00000000da100000)
  from space 5120K, 99% used [0x00000000da100000,0x00000000da5fa168,0x00000000da600000)
  to   space 8192K, 0% used [0x00000000de900000,0x00000000de900000,0x00000000df100000)
 ParOldGen       total 86016K, used 4064K [0x0000000082200000, 0x0000000087600000, 0x00000000d6100000)
  object space 86016K, 4% used [0x0000000082200000,0x00000000825f82a8,0x0000000087600000)
 Metaspace       used 20579K, capacity 21192K, committed 21248K, reserved 1067008K
  class space    used 2651K, capacity 2814K, committed 2816K, reserved 1048576K
Event: 3.456 GC heap after
Heap after GC invocations=6 (full 1):
 PSYoungGen      total 70656K, used 0K [0x00000000d6100000, 0x00000000df100000, 0x0000000100000000)
  eden space 65536K, 0% used [0x00000000d6100000,0x00000000d6100000,0x00000000da100000)
  from space 5120K, 0% used [0x00000000da100000,0x00000000da100000,0x00000000da600000)
  to   space 8192K, 0% used [0x00000000de900000,0x00000000de900000,0x00000000df100000)
 ParOldGen       total 52224K, used 6659K [0x0000000082200000, 0x0000000085500000, 0x00000000d6100000)
  object space 52224K, 12% used [0x0000000082200000,0x0000000082880cd0,0x0000000085500000)
 Metaspace       used 20577K, capacity 21186K, committed 21248K, reserved 1067008K
  class space    used 2650K, capacity 2813K, committed 2816K, reserved 1048576K
}
Event: 4.728 GC heap before
{Heap before GC invocations=7 (full 1):
 PSYoungGen      total 70656K, used 65536K [0x00000000d6100000, 0x00000000df100000, 0x0000000100000000)
  eden space 65536K, 100% used [0x00000000d6100000,0x00000000da100000,0x00000000da100000)
  from space 5120K, 0% used [0x00000000da100000,0x00000000da100000,0x00000000da600000)
  to   space 8192K, 0% used [0x00000000de900000,0x00000000de900000,0x00000000df100000)
 ParOldGen       total 52224K, used 6665K [0x0000000082200000, 0x0000000085500000, 0x00000000d6100000)
  object space 52224K, 12% used [0x0000000082200000,0x0000000082882448,0x0000000085500000)
 Metaspace       used 22196K, capacity 22964K, committed 23040K, reserved 1069056K
  class space    used 2854K, capacity 3026K, committed 3072K, reserved 1048576K
Event: 4.734 GC heap after
Heap after GC invocations=7 (full 1):
 PSYoungGen      total 111104K, used 2971K [0x00000000d6100000, 0x00000000dec00000, 0x0000000100000000)
  eden space 108032K, 0% used [0x00000000d6100000,0x00000000d6100000,0x00000000dca80000)
  from space 3072K, 96% used [0x00000000de900000,0x00000000debe6e70,0x00000000dec00000)
  to   space 8704K, 0% used [0x00000000ddb00000,0x00000000ddb00000,0x00000000de380000)
 ParOldGen       total 52224K, used 6673K [0x0000000082200000, 0x0000000085500000, 0x00000000d6100000)
  object space 52224K, 12% used [0x0000000082200000,0x0000000082884448,0x0000000085500000)
 Metaspace       used 22196K, capacity 22964K, committed 23040K, reserved 1069056K
  class space    used 2854K, capacity 3026K, committed 3072K, reserved 1048576K
}
Event: 9.219 GC heap before
{Heap before GC invocations=8 (full 1):
 PSYoungGen      total 111104K, used 111003K [0x00000000d6100000, 0x00000000dec00000, 0x0000000100000000)
  eden space 108032K, 100% used [0x00000000d6100000,0x00000000dca80000,0x00000000dca80000)
  from space 3072K, 96% used [0x00000000de900000,0x00000000debe6e70,0x00000000dec00000)
  to   space 8704K, 0% used [0x00000000ddb00000,0x00000000ddb00000,0x00000000de380000)
 ParOldGen       total 52224K, used 6673K [0x0000000082200000, 0x0000000085500000, 0x00000000d6100000)
  object space 52224K, 12% used [0x0000000082200000,0x0000000082884448,0x0000000085500000)
 Metaspace       used 29440K, capacity 31096K, committed 31360K, reserved 1077248K
  class space    used 3873K, capacity 4158K, committed 4224K, reserved 1048576K
Event: 9.234 GC heap after
Heap after GC invocations=8 (full 1):
 PSYoungGen      total 116736K, used 8691K [0x00000000d6100000, 0x00000000dec00000, 0x0000000100000000)
  eden space 108032K, 0% used [0x00000000d6100000,0x00000000d6100000,0x00000000dca80000)
  from space 8704K, 99% used [0x00000000ddb00000,0x00000000de37ced0,0x00000000de380000)
  to   space 3072K, 0% used [0x00000000de900000,0x00000000de900000,0x00000000dec00000)
 ParOldGen       total 52224K, used 8942K [0x0000000082200000, 0x0000000085500000, 0x00000000d6100000)
  object space 52224K, 17% used [0x0000000082200000,0x0000000082abb910,0x0000000085500000)
 Metaspace       used 29440K, capacity 31096K, committed 31360K, reserved 1077248K
  class space    used 3873K, capacity 4158K, committed 4224K, reserved 1048576K
}
Event: 11.160 GC heap before
{Heap before GC invocations=9 (full 1):
 PSYoungGen      total 116736K, used 92281K [0x00000000d6100000, 0x00000000dec00000, 0x0000000100000000)
  eden space 108032K, 77% used [0x00000000d6100000,0x00000000db2a1608,0x00000000dca80000)
  from space 8704K, 99% used [0x00000000ddb00000,0x00000000de37ced0,0x00000000de380000)
  to   space 3072K, 0% used [0x00000000de900000,0x00000000de900000,0x00000000dec00000)
 ParOldGen       total 52224K, used 8942K [0x0000000082200000, 0x0000000085500000, 0x00000000d6100000)
  object space 52224K, 17% used [0x0000000082200000,0x0000000082abb910,0x0000000085500000)
 Metaspace       used 33649K, capacity 35360K, committed 35416K, reserved 1079296K
  class space    used 4369K, capacity 4670K, committed 4696K, reserved 1048576K
Event: 11.184 GC heap after
Heap after GC invocations=9 (full 1):
 PSYoungGen      total 130048K, used 3054K [0x00000000d6100000, 0x00000000e1d80000, 0x0000000100000000)
  eden space 126976K, 0% used [0x00000000d6100000,0x00000000d6100000,0x00000000ddd00000)
  from space 3072K, 99% used [0x00000000de900000,0x00000000debfbaa0,0x00000000dec00000)
  to   space 12288K, 0% used [0x00000000ddd00000,0x00000000ddd00000,0x00000000de900000)
 ParOldGen       total 52224K, used 15827K [0x0000000082200000, 0x0000000085500000, 0x00000000d6100000)
  object space 52224K, 30% used [0x0000000082200000,0x0000000083174d98,0x0000000085500000)
 Metaspace       used 33649K, capacity 35360K, committed 35416K, reserved 1079296K
  class space    used 4369K, capacity 4670K, committed 4696K, reserved 1048576K
}
Event: 11.184 GC heap before
{Heap before GC invocations=10 (full 2):
 PSYoungGen      total 130048K, used 3054K [0x00000000d6100000, 0x00000000e1d80000, 0x0000000100000000)
  eden space 126976K, 0% used [0x00000000d6100000,0x00000000d6100000,0x00000000ddd00000)
  from space 3072K, 99% used [0x00000000de900000,0x00000000debfbaa0,0x00000000dec00000)
  to   space 12288K, 0% used [0x00000000ddd00000,0x00000000ddd00000,0x00000000de900000)
 ParOldGen       total 52224K, used 15827K [0x0000000082200000, 0x0000000085500000, 0x00000000d6100000)
  object space 52224K, 30% used [0x0000000082200000,0x0000000083174d98,0x0000000085500000)
 Metaspace       used 33649K, capacity 35360K, committed 35416K, reserved 1079296K
  class space    used 4369K, capacity 4670K, committed 4696K, reserved 1048576K
Event: 11.318 GC heap after
Heap after GC invocations=10 (full 2):
 PSYoungGen      total 130048K, used 0K [0x00000000d6100000, 0x00000000e1d80000, 0x0000000100000000)
  eden space 126976K, 0% used [0x00000000d6100000,0x00000000d6100000,0x00000000ddd00000)
  from space 3072K, 0% used [0x00000000de900000,0x00000000de900000,0x00000000dec00000)
  to   space 12288K, 0% used [0x00000000ddd00000,0x00000000ddd00000,0x00000000de900000)
 ParOldGen       total 52224K, used 14019K [0x0000000082200000, 0x0000000085500000, 0x00000000d6100000)
  object space 52224K, 26% used [0x0000000082200000,0x0000000082fb0cf8,0x0000000085500000)
 Metaspace       used 33649K, capacity 35360K, committed 35416K, reserved 1079296K
  class space    used 4369K, capacity 4670K, committed 4696K, reserved 1048576K
}

